FC2	1BwHl9
1By7dZ	f	s113.134.21.1.ipda.vectant.ne.jp
1	5	6	0	3	0	0	0
0	0	0	0	0	0	0	0	1	0	1	1	0	0	0	1	1	0	1	1	3	4	0	0
0	3	0	6	5	1	0
1	e	0	0	0	0
0	0	0	0	0	0	0	f	0	0	0	0
f	0	0	0	0	0
f	1By7dZ	s113.134.21.1.ipda.vectant.ne.jp	!5.0 (Windows NT 10.0; Win64; x64) AppleWebKit/537.36 (KHTML, like Gecko) Chrome/52.0.2743.116 Safari/537.36	-	-
e	1BxQYj	s113.134.21.1.ipda.vectant.ne.jp	!5.0 (Windows NT 10.0; Win64; x64) AppleWebKit/537.36 (KHTML, like Gecko) Chrome/52.0.2743.116 Safari/537.36	-	-
d	1BxNdI	sv1507.xserver.jp	!5.0 (!9.0; Windows NT 6.1; WOW64; Trident/5.0)	-	-
c	1BxFxS	y071149.dynamic.ppp.asahi-net.or.jp	!5.0 (Windows NT 10.0; Win64; x64; rv:48.0) Gecko/20100101 Firefox/48.0	-	-
b	1BxEEv	112-70-230-174f1.osk1.eonet.ne.jp	!5.0 (Windows NT 6.1; WOW64) AppleWebKit/537.36 (KHTML, like Gecko) Chrome/51.0.2704.106 Safari/537.36 Sleipnir/4.5.0	-	-
a	1BxD2q	FL1-133-203-142-129.szo.mesh.ad.jp	!5.0 (Windows NT 10.0; WOW64) AppleWebKit/537.36 (KHTML, like Gecko) Chrome/51.0.2704.103 Safari/537.36	-	-
9	1BxsSX	KD121108192227.ppp-bb.dion.ne.jp	!5.0 (Windows NT 6.1; WOW64; Trident/7.0; rv:11.0) like Gecko	-	-
8	1BxsKs	112-70-230-174f1.osk1.eonet.ne.jp	!5.0 (Windows NT 6.1; WOW64) AppleWebKit/537.36 (KHTML, like Gecko) Chrome/51.0.2704.106 Safari/537.36 Sleipnir/4.5.0	-	-
7	1BxsE1	pw126255006178.9.panda-world.ne.jp	!5.0 (Windows NT 10.0; WOW64) AppleWebKit/537.36 (KHTML, like Gecko) Chrome/52.0.2743.116 Safari/537.36	-	-
6	1Bxslz	sp49-98-149-187.msd.spmode.ne.jp	!5.0 (Linux; Android 5.0.2; SO-04G Build/23.1.B.1.317) AppleWebKit/537.36 (KHTML, like Gecko) Version/4.0 Chrome/40.0.2214.89 Mobile Safari/537.36	-	-
5	1Bxrrb	s113.134.21.1.ipda.vectant.ne.jp	!5.0 (Windows NT 10.0; Win64; x64) AppleWebKit/537.36 (KHTML, like Gecko) Chrome/52.0.2743.82 Safari/537.36	-	-
4	1BxnsN	KD124212130237.ppp-bb.dion.ne.jp	!5.0 (Windows NT 6.1; WOW64; rv:47.0) Gecko/20100101 Firefox/47.0	-	-
3	1BwIM4	s113.134.21.1.ipda.vectant.ne.jp	!5.0 (Windows NT 10.0; Win64; x64) AppleWebKit/537.36 (KHTML, like Gecko) Chrome/52.0.2743.82 Safari/537.36	-	-
2	1BwIM4	sv1507.xserver.jp	!5.0 (!9.0; Windows NT 6.1; WOW64; Trident/5.0)	-	-
1	1BwHl9	s113.134.21.1.ipda.vectant.ne.jp	!5.0 (Windows NT 10.0; Win64; x64) AppleWebKit/537.36 (KHTML, like Gecko) Chrome/52.0.2743.82 Safari/537.36	-	-
