FC2	1xp9O1
1By9FV	5u	s113.134.21.1.ipda.vectant.ne.jp
b	n	y	5	6	0	4	d
j	i	2	4	7	5	a	a	a	b	b	e	e	c	b	f	d	n	m	k	e	y	g	o
o	J	E	16	10	Z	D
b	1o	b	7	9	2
7	4	3	3	c	b	n	1H	0	0	0	0
2I	19	1D	0	0	0
5u	1By9FV	s113.134.21.1.ipda.vectant.ne.jp	!5.0 (Windows NT 10.0; Win64; x64) AppleWebKit/537.36 (KHTML, like Gecko) Chrome/52.0.2743.116 Safari/537.36	-	gw,co,o
5t	1By9yr	fw.flds.co.jp	!5.0 (Windows NT 10.0; WOW64) AppleWebKit/537.36 (KHTML, like Gecko) Chrome/52.0.2743.116 Safari/537.36	-	uY,hq,o
5s	1By9pp	dcm1-119-241-88-244.tky.mesh.ad.jp	!5.0 (Linux; Android 4.4.2; SO-02F Build/14.3.B.0.310) AppleWebKit/537.36 (KHTML, like Gecko) Version/4.0 Chrome/30.0.0.0 Mobile Safari/537.36 Sleipnir/3.5.4	!search.yahoo.co.jp/search?ei=UTF-8&fr=slm-and&p=%E6%9C%89%E9%99%90%E5%B7%A5%E6%88%BF	5O,9y,w
5r	1By70Y	s113.134.21.1.ipda.vectant.ne.jp	!5.0 (Windows NT 10.0; Win64; x64) AppleWebKit/537.36 (KHTML, like Gecko) Chrome/52.0.2743.116 Safari/537.36	-	gw,co,o
5q	1By5DP	fw.flds.co.jp	!5.0 (Windows NT 10.0; WOW64) AppleWebKit/537.36 (KHTML, like Gecko) Chrome/52.0.2743.116 Safari/537.36	-	Fi,ne,o
5p	1By39Z	nthkid009004.hkid.nt.ngn.ppp.infoweb.ne.jp	!5.0 (Windows NT 10.0; Win64; x64; rv:48.0) Gecko/20100101 Firefox/48.0	https://www.google.co.jp/	uY,hq,o
5o	1By0tQ	s113.134.21.1.ipda.vectant.ne.jp	!5.0 (Windows NT 10.0; Win64; x64) AppleWebKit/537.36 (KHTML, like Gecko) Chrome/52.0.2743.116 Safari/537.36	!ygkb.jp/wp-admin/edit.php?post_type=post	uY,hq,o
5n	1BxZJb	fw.flds.co.jp	!5.0 (Windows NT 10.0; WOW64) AppleWebKit/537.36 (KHTML, like Gecko) Chrome/52.0.2743.116 Safari/537.36	!www2s.biglobe.ne.jp/~geoph/micky/nicky.html	uY,hq,o
5m	1BxUjk	static.37.126.251.148.clients.your-server.de	!5.0 (Windows NT 6.1; Trident/7.0; rv:11.0) like Gecko	-	gw,co,o
5l	1BxT1I	70.35.195.121	Java/1.4.1_04	-	-
5k	1BxStm	s113.134.21.1.ipda.vectant.ne.jp	!5.0 (Windows NT 10.0; Win64; x64) AppleWebKit/537.36 (KHTML, like Gecko) Chrome/52.0.2743.116 Safari/537.36	!ygkb.jp/apps/petit/	gw,co,o
5j	1BxRqQ	FLA1Aan007.oky.mesh.ad.jp	!5.0 (Windows NT 10.0; WOW64; Trident/7.0; rv:11.0) like Gecko	!www5f.biglobe.ne.jp/~silencium/datahtml/link.html	uY,jm,o
5i	1BxRer	s113.134.21.1.ipda.vectant.ne.jp	!5.0 (Windows NT 10.0; Win64; x64) AppleWebKit/537.36 (KHTML, like Gecko) Chrome/52.0.2743.116 Safari/537.36	!ygkb.jp/wp-admin/post.php?post=63&action=edit	uY,hq,o
5h	1BxR9S	FLA1Aan007.oky.mesh.ad.jp	!5.0 (Windows NT 10.0; WOW64; Trident/7.0; rv:11.0) like Gecko	-	uY,jm,o
5g	1BxPbs	s113.134.21.1.ipda.vectant.ne.jp	!5.0 (Windows NT 10.0; WOW64) AppleWebKit/537.36 (KHTML, like Gecko) Chrome/52.0.2743.116 Safari/537.36	!www.asahi-net.or.jp/~ds6k-mtng/	gw,co,o
5f	1BxP6Z	FL1-133-203-142-129.szo.mesh.ad.jp	!5.0 (Windows NT 10.0; WOW64) AppleWebKit/537.36 (KHTML, like Gecko) Chrome/52.0.2743.116 Safari/537.36	!www2s.biglobe.ne.jp/~geoph/micky/nicky.html	uY,hq,o
5e	1BxORZ	s113.134.21.1.ipda.vectant.ne.jp	!5.0 (Windows NT 10.0; Win64; x64) AppleWebKit/537.36 (KHTML, like Gecko) Chrome/52.0.2743.116 Safari/537.36	!ygkb.jp/	uY,hq,o
5d	1BxORz	133.100.237.163	!5.0 (Macintosh; Intel Mac OS X 10.11; rv:48.0) Gecko/20100101 Firefox/48.0	!www.asahi-net.or.jp/~ds6k-mtng/	kE,gw,o
5c	1BxONZ	s113.134.21.1.ipda.vectant.ne.jp	!5.0 (Windows NT 10.0; Win64; x64) AppleWebKit/537.36 (KHTML, like Gecko) Chrome/52.0.2743.116 Safari/537.36	-	uY,hq,o
5b	1BxNdq	FL1-133-203-142-129.szo.mesh.ad.jp	!5.0 (Windows NT 10.0; WOW64) AppleWebKit/537.36 (KHTML, like Gecko) Chrome/52.0.2743.116 Safari/537.36	!www2s.biglobe.ne.jp/~geoph/micky/nicky.html	uY,hq,o
5a	1BxMuw	pl2180.nas81k-3.p-aichi.nttpc.ne.jp	!5.0 (X11; U; Linux x86_64; ja-JP) AppleWebKit/533.3 (KHTML, like Gecko) Qt/4.8.0 Safari/533.3	-	gw,gw,o
59	1BxMd1	133.100.237.163	!5.0 (Macintosh; Intel Mac OS X 10.11; rv:48.0) Gecko/20100101 Firefox/48.0	!www.asahi-net.or.jp/~ds6k-mtng/	kE,gw,o
58	1BxKJ1	p79672ad3.tkyea103.ap.so-net.ne.jp	!5.0 (Windows NT 10.0; WOW64; rv:47.0) Gecko/20100101 Firefox/47.0	https://www.google.co.jp	uY,jm,o
57	1BxJBF	112-70-230-174f1.osk1.eonet.ne.jp	!5.0 (Windows NT 6.1; WOW64) AppleWebKit/537.36 (KHTML, like Gecko) Chrome/51.0.2704.106 Safari/537.36 Sleipnir/6.2.0	!srcedit.pekori.jp/	uY,hq,o
56	1BxISg	s113.134.21.1.ipda.vectant.ne.jp	!5.0 (Windows NT 10.0; Win64; x64) AppleWebKit/537.36 (KHTML, like Gecko) Chrome/52.0.2743.116 Safari/537.36	-	uY,hq,o
55	1BxI4n	pc2.ishikai4-unet.ocn.ne.jp	!5.0 (Windows NT 6.1; rv:47.0) Gecko/20100101 Firefox/47.0	https://www.google.co.jp	kE,gw,o
54	1BxGYj	s113.134.21.1.ipda.vectant.ne.jp	!5.0 (Linux; Android 4.4.2; SO-02F Build/14.3.B.0.310) AppleWebKit/537.36 (KHTML, like Gecko) Version/4.0 Chrome/30.0.0.0 Mobile Safari/537.36 Sleipnir/3.5.4	!search.yahoo.co.jp/search?ei=UTF-8&fr=slm-and&p=%E6%9C%89%E9%99%90%E5%B7%A5%E6%88%BF	5O,9y,w
53	1BxGnJ	FL1-133-203-142-129.szo.mesh.ad.jp	!5.0 (Windows NT 10.0; WOW64) AppleWebKit/537.36 (KHTML, like Gecko) Chrome/52.0.2743.116 Safari/537.36	!www2s.biglobe.ne.jp/~geoph/micky/nicky.html	uY,hq,o
52	1BxG8q	sp49-98-150-73.msd.spmode.ne.jp	!5.0 (Linux; Android 5.0.2; SO-01G Build/23.1.B.1.317) AppleWebKit/537.36 (KHTML, like Gecko) Chrome/52.0.2743.98 Mobile Safari/537.36	android-app://com.google.android.googlequicksearchbox	5O,ak,w
51	1BxFa5	y071149.dynamic.ppp.asahi-net.or.jp	!5.0 (Windows NT 10.0; Win64; x64; rv:48.0) Gecko/20100101 Firefox/48.0	-	uY,jm,o
50	1BxEEw	112-70-230-174f1.osk1.eonet.ne.jp	!5.0 (Windows NT 6.1; WOW64) AppleWebKit/537.36 (KHTML, like Gecko) Chrome/51.0.2704.106 Safari/537.36 Sleipnir/4.5.0	-	uY,hq,o
4Z	1BxD2h	FL1-133-203-142-129.szo.mesh.ad.jp	!5.0 (Windows NT 10.0; WOW64) AppleWebKit/537.36 (KHTML, like Gecko) Chrome/51.0.2704.103 Safari/537.36	!www2s.biglobe.ne.jp/~geoph/micky/nicky.cgi	uY,hq,o
4Y	1BxCIS	s113.134.21.1.ipda.vectant.ne.jp	!5.0 (Windows NT 10.0; Win64; x64) AppleWebKit/537.36 (KHTML, like Gecko) Chrome/52.0.2743.116 Safari/537.36	-	uY,hq,o
4X	1BxvDe	p520180-ipngn6001souka.saitama.ocn.ne.jp	!5.0 (iPhone; CPU iPhone OS 9_3_3 like Mac OS X) AppleWebKit/601.1.46 (KHTML, like Gecko) Version/9.0 Mobile/13G34 Safari/601.1	https://www.google.co.jp/	63,aL,w
4W	1Bxu8h	s113.134.21.1.ipda.vectant.ne.jp	!5.0 (Windows NT 10.0; Win64; x64) AppleWebKit/537.36 (KHTML, like Gecko) Chrome/52.0.2743.82 Safari/537.36	!ygkb.jp/wp-admin/admin.php?page=stats&day=2016-08-10	uY,hq,o
4V	1BxsZ3	KD121108192227.ppp-bb.dion.ne.jp	!5.0 (Windows NT 6.1; WOW64; Trident/7.0; rv:11.0) like Gecko	!ygkb.jp/	uY,jm,o
4U	1BxsVP	133.100.237.163	!5.0 (Macintosh; Intel Mac OS X 10.11; rv:48.0) Gecko/20100101 Firefox/48.0	!www.asahi-net.or.jp/~ds6k-mtng/	kE,gw,o
4T	1BxsVr	KD121108192227.ppp-bb.dion.ne.jp	!5.0 (Windows NT 6.1; WOW64; Trident/7.0; rv:11.0) like Gecko	!ygkb.jp/	uY,jm,o
4S	1BxsVm	133.100.237.163	!5.0 (Macintosh; Intel Mac OS X 10.11; rv:48.0) Gecko/20100101 Firefox/48.0	!www.asahi-net.or.jp/~ds6k-mtng/hakaten.htm	kE,gw,o
4R	1BxsSX	KD121108192227.ppp-bb.dion.ne.jp	!5.0 (Windows NT 6.1; WOW64; Trident/7.0; rv:11.0) like Gecko	!ygkb.jp/works/644/	uY,jm,o
4Q	1BxsOY	133.100.237.163	!5.0 (Macintosh; Intel Mac OS X 10.11; rv:48.0) Gecko/20100101 Firefox/48.0	-	kE,gw,o
4P	1BxsHU	112-70-230-174f1.osk1.eonet.ne.jp	!5.0 (Windows NT 6.1; WOW64) AppleWebKit/537.36 (KHTML, like Gecko) Chrome/51.0.2704.106 Safari/537.36 Sleipnir/4.5.0	-	uY,hq,o
4O	1BxsBf	pw126255006178.9.panda-world.ne.jp	!5.0 (Windows NT 10.0; WOW64) AppleWebKit/537.36 (KHTML, like Gecko) Chrome/52.0.2743.116 Safari/537.36	!ygkb.jp/category/diary/page/2/	Fi,ne,o
4N	1BxsAE	s113.134.21.1.ipda.vectant.ne.jp	!5.0 (Windows NT 10.0; Win64; x64) AppleWebKit/537.36 (KHTML, like Gecko) Chrome/52.0.2743.82 Safari/537.36	!ygkb.jp/wp-admin/options-general.php?page=wpsupercache&tab=easy	uY,hq,o
4M	1Bxssl	pw126255006178.9.panda-world.ne.jp	!5.0 (Windows NT 10.0; WOW64) AppleWebKit/537.36 (KHTML, like Gecko) Chrome/52.0.2743.116 Safari/537.36	!ygkb.jp/page/13/	Fi,ne,o
4L	1Bxss7	KD121108192227.ppp-bb.dion.ne.jp	!5.0 (Windows NT 6.1; WOW64; Trident/7.0; rv:11.0) like Gecko	!ygkb.jp/	uY,jm,o
4K	1BxsmA	pw126255006178.9.panda-world.ne.jp	!5.0 (Windows NT 10.0; WOW64) AppleWebKit/537.36 (KHTML, like Gecko) Chrome/52.0.2743.116 Safari/537.36	-	Fi,ne,o
4J	1Bxsjk	sp49-98-149-187.msd.spmode.ne.jp	!5.0 (Linux; Android 5.0.2; SO-04G Build/23.1.B.1.317) AppleWebKit/537.36 (KHTML, like Gecko) Version/4.0 Chrome/40.0.2214.89 Mobile Safari/537.36	-	5O,ak,w
4I	1Bxsh5	216-18-209-44.hosted.static.webnx.com	!5.0 (X11; U; Linux i686; en-US; rv:1.9.2.17) Gecko/20110515 HeartRails_Capture/1.0.4 (+http://capture.heartrails.com/) Namoroka/3.6.17	-	gE,da,o
4H	1BxrTP	s113.134.21.1.ipda.vectant.ne.jp	!5.0 (Windows NT 10.0; Win64; x64) AppleWebKit/537.36 (KHTML, like Gecko) Chrome/52.0.2743.82 Safari/537.36	!ygkb.jp/works/644/	uY,hq,o
4G	1BxrJ1	KD121108192227.ppp-bb.dion.ne.jp	!5.0 (Windows NT 6.1; WOW64; Trident/7.0; rv:11.0) like Gecko	-	uY,jm,o
4F	1BxpL0	s113.134.21.1.ipda.vectant.ne.jp	!5.0 (Windows NT 10.0; Win64; x64) AppleWebKit/537.36 (KHTML, like Gecko) Chrome/52.0.2743.82 Safari/537.36	-	uY,hq,o
4E	1BxoVs	121-87-36-111f1.osk1.eonet.ne.jp	!5.0 (Windows NT 10.0; Win64; x64; rv:48.0) Gecko/20100101 Firefox/48.0	https://www.google.co.jp/	kE,gw,o
4D	1BxoRx	s113.134.21.1.ipda.vectant.ne.jp	!5.0 (Windows NT 10.0; Win64; x64) AppleWebKit/537.36 (KHTML, like Gecko) Chrome/52.0.2743.82 Safari/537.36	-	uY,hq,o
4C	1BxnGQ	KD124212130237.ppp-bb.dion.ne.jp	!5.0 (Windows NT 6.1; WOW64; rv:47.0) Gecko/20100101 Firefox/47.0	!www.wintergarden.net/	pO,jm,o
4B	1Bxntb	s113.134.21.1.ipda.vectant.ne.jp	!5.0 (Windows NT 10.0; Win64; x64) AppleWebKit/537.36 (KHTML, like Gecko) Chrome/52.0.2743.82 Safari/537.36	-	uY,hq,o
4A	1BxnfL	KD124212130237.ppp-bb.dion.ne.jp	!5.0 (Windows NT 6.1; WOW64; rv:47.0) Gecko/20100101 Firefox/47.0	!www.wintergarden.net/	pO,jm,o
4z	1BxnaU	s113.134.21.1.ipda.vectant.ne.jp	!5.0 (Windows NT 10.0; Win64; x64) AppleWebKit/537.36 (KHTML, like Gecko) Chrome/52.0.2743.82 Safari/537.36	-	uY,hq,o
4y	1Bxn9J	KD124212130237.ppp-bb.dion.ne.jp	!5.0 (Windows NT 6.1; WOW64; Trident/7.0; rv:11.0) like Gecko	-	pO,jm,o
4x	1Bxn8J	s113.134.21.1.ipda.vectant.ne.jp	!5.0 (Windows NT 10.0; Win64; x64) AppleWebKit/537.36 (KHTML, like Gecko) Chrome/52.0.2743.82 Safari/537.36	-	uY,hq,o
4w	1BxmW3	ntmygi074031.mygi.nt.ngn.ppp.infoweb.ne.jp	!5.0 (Windows NT 6.1; WOW64; rv:47.0) Gecko/20100101 Firefox/47.0	-	kE,gw,o
4v	1BxmLx	s113.134.21.1.ipda.vectant.ne.jp	!5.0 (Windows NT 10.0; Win64; x64) AppleWebKit/537.36 (KHTML, like Gecko) Chrome/52.0.2743.82 Safari/537.36	-	uY,hq,o
4u	1BxmDJ	p939157.kngwnt01.ap.so-net.ne.jp	!5.0 (Windows NT 6.1; WOW64; rv:47.0) Gecko/20100101 Firefox/47.0	-	uY,jm,o
4t	1BxlYM	176.14.231.231	Opera/9.80 (Windows NT 6.1; U; ru) Presto/2.10.229 Version/11.61	!yandex.ru/clck/jsredir?from=yandex.ru%3Bsearch%3Bweb%3B%3B&text=&etext=1143.B3oPGflYQqx3wv5kNgR9Ju-IiuiJrsAFzVSI-SM7JW9XiBeyqUR4p78SMXIRHJGC.2a27b64635d1b081a78ec59cbfc761b8042ba355&uuid=&state=_BLhILn4SxNIvvL0W45KSic66uCIg23qh8iRG98qeIXmeppkgUc0YFUVNhHyyhJgRFg5yeLMIWU&data=UlNrNmk5WktYejR0eWJFYk1LdmtxdFJXNTdhNEhYc3JNN0JKd3RxRlo1UzR4T3hfcGFtNVgzWXZISkJQLU8tR0ozLWFvNDFWUUZaT1V0R0RKRjRYWWV3VDhWTi01aHU3N0VrTjdBYjlnV0FnOXNnLUdBblpNSXFTSC1UdnliLWs&b64e=2&sign=e82a3a541800fcbbbf23bd759b08dca5&keyno=0&cst=AiuY0DBWFJ7IXge4WdYJQYP93Xfrtkba76ak6lmSyXFnEZnu7bnAjiWfqs0s0MUC-ZMv5jv9xtJKerNdrOZbfyksLvrKcnzDdjfrWkv4GBi30VP-Xl1cXmZmkdd3M4e009O4HA6UXuZfb1IRWG_58gn47q5SAJEP&ref=orjY4mGPRjk5boDnW0uvlrrd71vZw9kp5uQozpMtKCWLmUMpz38pRGrlsG20EG0E_ff4Aijl6vTdBoIgdyZt4efLVgcdBDfyBVoexVLfedwm4ulKjjW5mQ&l10n=ru&cts=1470805636924&mc=5.46679306873	gw,co,o
4s	1Bxfh1	s113.134.21.1.ipda.vectant.ne.jp	!5.0 (Windows NT 10.0; Win64; x64) AppleWebKit/537.36 (KHTML, like Gecko) Chrome/52.0.2743.82 Safari/537.36	!ygkb.jp/wp-admin/tools.php?page=view-broken-links	uY,hq,o
4r	1BxbWu	h219-110-174-021.catv02.itscom.jp	!5.0 (Windows NT 6.1; WOW64) AppleWebKit/537.36 (KHTML, like Gecko) Chrome/49.0.2623.87 Safari/537.36 OPR/36.0.2130.46	-	uY,hq,o
4q	1Bx9fd	s113.134.21.1.ipda.vectant.ne.jp	!5.0 (Windows NT 10.0; Win64; x64) AppleWebKit/537.36 (KHTML, like Gecko) Chrome/52.0.2743.82 Safari/537.36	!ygkb.jp/wp-admin/post.php?post=60&action=edit&scrollto=1371	uY,hq,o
4p	1Bx9eG	ip-46-73-139-123.bb.netbynet.ru	Opera/9.80 (Windows NT 6.1; U; ru) Presto/2.10.229 Version/11.61	!yandex.ru/clck/jsredir?from=yandex.ru%3Bsearch%3Bweb%3B%3B&text=&etext=1142.MrmEMznrCJabUsWDh0yvJitNdLIza_avtglbgIks4PF8o1T7RcWWY5Gf1-Jyq3n4.8cf8ea720db67fe621e2941182946ba93525ed7e&uuid=&state=_BLhILn4SxNIvvL0W45KSic66uCIg23qh8iRG98qeIXmeppkgUc0YG-XUIUpxKrkaoPisARVvB8&data=UlNrNmk5WktYejR0eWJFYk1LdmtxdFJXNTdhNEhYc3JNN0JKd3RxRlo1UzR4T3hfcGFtNVgzWXZISkJQLU8tR0ozLWFvNDFWUUZaT1V0R0RKRjRYWVRuU3FYSzhEZkJJQTZQZGNHZzNpdVJudElaWm15SEVlRTRiSUtaVExNZ3Q&b64e=2&sign=fce2da63a65dfe17874466fbf4252187&keyno=0&cst=AiuY0DBWFJ7IXge4WdYJQYuwSQLovbTTT9BLLXBqKSKn1Kx5PSwtln4WVVnw18HR0squwCiFesPmG_19pEKX_FV7eGd5vwfXxCw2JtUcOGrclcR2dZLz7ix8r04IGZIUJWZkZSdksZ0F2QzzcrplOu9YgvCCvpSN&ref=orjY4mGPRjk5boDnW0uvlrrd71vZw9kp5uQozpMtKCXEfKO1imoOE7n7vX8wAz2Z1Uae-LPjiNY01-_3hAfY-T7TZkYTbSk_FBUnJ1qgXBpn7d_lKtwxDw&l10n=ru&cts=1470756458781&mc=7.22964204615	gw,co,o
4o	1Bx7FN	s113.134.21.1.ipda.vectant.ne.jp	!5.0 (Windows NT 10.0; Win64; x64) AppleWebKit/537.36 (KHTML, like Gecko) Chrome/51.0.2704.79 Safari/537.36 Edge/14.14393	-	uY,hq,o
4n	1Bx7E0	softbank060091104079.bbtec.net	!5.0 (Windows NT 10.0; WOW64) AppleWebKit/537.36 (KHTML, like Gecko) Chrome/51.0.2704.103 Safari/537.36	https://www.google.co.jp/	m2,co,o
4m	1Bx50B	s113.134.21.1.ipda.vectant.ne.jp	!5.0 (Linux; U; Android 4.4.2; ja-jp; SonySO-02F Build/14.3.B.0.362) AppleWebKit/534.30 (KHTML, like Gecko) Version/4.0 Mobile Safari/534.30	-	bC,kE,w
4l	1Bx04L	google-proxy-66-102-6-131.google.com	!5.0 (X11; Linux x86_64) AppleWebKit/537.36 (KHTML, like Gecko; Google Web Preview) Chrome/27.0.1453 Safari/537.36	!www.google.com/search	gw,gw,o
4k	1Bx04C	google-proxy-66-102-6-190.google.com	!5.0 (X11; Linux x86_64) AppleWebKit/537.36 (KHTML, like Gecko; Google Web Preview) Chrome/27.0.1453 Safari/537.36	!www.google.com/search	gw,gw,o
4j	1BwLKf	s113.134.21.1.ipda.vectant.ne.jp	!5.0 (Windows NT 10.0; Win64; x64) AppleWebKit/537.36 (KHTML, like Gecko) Chrome/52.0.2743.82 Safari/537.36	-	uY,hq,o
4i	1BwLJ3	google-proxy-66-249-93-99.google.com	!5.0 (X11; Linux x86_64) AppleWebKit/537.36 (KHTML, like Gecko; Google Page Speed Insights) Chrome/27.0.1453 Safari/537.36	-	gw,co,o
4h	1BwJOz	s113.134.21.1.ipda.vectant.ne.jp	!5.0 (Windows NT 10.0; Win64; x64) AppleWebKit/537.36 (KHTML, like Gecko) Chrome/52.0.2743.82 Safari/537.36	!ygkb.jp/wp-admin/	uY,hq,o
4g	1BwJFh	p3b939565.tokynt01.ap.so-net.ne.jp	!5.0 (Windows NT 6.3; Win64; x64; rv:48.0) Gecko/20100101 Firefox/48.0	https://www.google.co.jp/	kE,bC,o
4f	1BwGRn	s113.134.21.1.ipda.vectant.ne.jp	!5.0 (Windows NT 10.0; Win64; x64) AppleWebKit/537.36 (KHTML, like Gecko) Chrome/52.0.2743.82 Safari/537.36	-	gw,co,o
4e	1BwEZx	shnfwl01.nexco-sys.co.jp	!5.0 (Windows NT 6.1) AppleWebKit/537.36 (KHTML, like Gecko) Chrome/51.0.2704.103 Safari/537.36	https://www.google.co.jp/	kE,gw,o
4d	1BvR7Y	s113.134.21.1.ipda.vectant.ne.jp	!5.0 (Windows NT 10.0; Win64; x64) AppleWebKit/537.36 (KHTML, like Gecko) Chrome/52.0.2743.82 Safari/537.36	!ygkb.jp/%e3%81%93%e3%81%ae%e3%82%b5%e3%82%a4%e3%83%88%e3%81%ab%e3%81%a4%e3%81%84%e3%81%a6/	uY,hq,o
4c	1BvQur	93.159.230.39	!5.0 (Windows NT 6.1; rv:15.0) Gecko/20120716 Firefox/15.0a2	-	gw,co,w
4b	1BvPwb	s113.134.21.1.ipda.vectant.ne.jp	!5.0 (Windows NT 10.0; Win64; x64) AppleWebKit/537.36 (KHTML, like Gecko) Chrome/52.0.2743.82 Safari/537.36	!ygkb.jp/	uY,hq,o
4a	1BvP4k	93.159.230.39	!5.0 (Windows NT 6.1; rv:15.0) Gecko/20120716 Firefox/15.0a2	-	gw,co,w
49	1BvGgR	s113.134.21.1.ipda.vectant.ne.jp	!5.0 (Windows NT 10.0; Win64; x64) AppleWebKit/537.36 (KHTML, like Gecko) Chrome/51.0.2704.103 Safari/537.36	-	ne,ew,o
48	1BvA5L	220.164.241.49.ap.yournet.ne.jp	!5.0 (Windows NT 10.0; Win64; x64; rv:48.0) Gecko/20100101 Firefox/48.0	https://www.google.co.jp/	uY,hq,o
47	1BvyFJ	s113.134.21.1.ipda.vectant.ne.jp	!5.0 (Windows NT 10.0; Win64; x64) AppleWebKit/537.36 (KHTML, like Gecko) Chrome/52.0.2743.82 Safari/537.36	-	uY,hq,o
46	1Bvx6O	FL1-118-109-241-190.kng.mesh.ad.jp	!5.0 (Windows NT 10.0; Win64; x64) AppleWebKit/537.36 (KHTML, like Gecko) Chrome/51.0.2704.79 Safari/537.36 Edge/14.14393	https://www.google.co.jp/	kE,bC,o
45	1BvvYN	s113.134.21.1.ipda.vectant.ne.jp	!5.0 (Windows NT 10.0; Win64; x64) AppleWebKit/537.36 (KHTML, like Gecko) Chrome/52.0.2743.82 Safari/537.36	!ygkb.jp/wp/wp-admin/admin.php?page=all-in-one-seo-pack%2Fmodules%2Faioseop_sitemap.php	gw,co,o
44	1BvvYJ	crawl-66-249-71-224.googlebot.com	!5.0 (compatible; Googlebot/2.1; +http://www.google.com/bot.html)	-	gw,co,o
43	1BvvYu	google-proxy-66-249-84-201.google.com	!5.0 (X11; Linux x86_64) AppleWebKit/537.36 (KHTML, like Gecko; Google Search Console) Chrome/27.0.1453 Safari/537.36	-	gw,co,o
42	1BvvFX	s113.134.21.1.ipda.vectant.ne.jp	!5.0 (Windows NT 10.0; Win64; x64) AppleWebKit/537.36 (KHTML, like Gecko) Chrome/52.0.2743.82 Safari/537.36	!ygkb.jp/	gw,co,o
41	1BvvAO	125x100x73x82.ap125.ftth.ucom.ne.jp	!5.0 (Windows NT 10.0; WOW64) AppleWebKit/537.36 (KHTML, like Gecko) Chrome/51.0.2704.103 Safari/537.36	-	uY,hq,o
40	1BvrpS	s113.134.21.1.ipda.vectant.ne.jp	!5.0 (Windows NT 10.0; Win64; x64) AppleWebKit/537.36 (KHTML, like Gecko) Chrome/52.0.2743.82 Safari/537.36	!ygkb.jp/wp/wp-admin/edit.php?post_type=feedback	uY,hq,o
3Z	1Bvr8L	google-proxy-66-102-6-92.google.com	!5.0 (X11; Linux x86_64) AppleWebKit/537.36 (KHTML, like Gecko; Google Web Preview) Chrome/27.0.1453 Safari/537.36	!www.google.com/search	gw,gw,o
3Y	1BvqFp	s113.134.21.1.ipda.vectant.ne.jp	!5.0 (Windows NT 10.0; Win64; x64) AppleWebKit/537.36 (KHTML, like Gecko) Chrome/52.0.2743.82 Safari/537.36	-	uY,hq,o
3X	1BvqyL	msnbot-207-46-13-140.search.msn.com	!5.0 (compatible; bingbot/2.0; +http://www.bing.com/bingbot.htm)	-	gw,co,o
3W	1BvlJw	h219-110-174-021.catv02.itscom.jp	!5.0 (Windows NT 6.1; WOW64) AppleWebKit/537.36 (KHTML, like Gecko) Chrome/49.0.2623.87 Safari/537.36 OPR/36.0.2130.46	https://www.google.co.jp/	uY,hq,o
3V	1BvdAa	s113.134.21.1.ipda.vectant.ne.jp	!5.0 (Windows NT 10.0; Win64; x64) AppleWebKit/537.36 (KHTML, like Gecko) Chrome/52.0.2743.82 Safari/537.36	-	uY,hq,o
3U	1Bvdug	i125-203-222-217.s61.a027.ap.plala.or.jp	!5.0 (Windows NT 6.1) AppleWebKit/537.36 (KHTML, like Gecko) Chrome/51.0.2704.103 Safari/537.36	https://www.google.co.jp/	kE,cU,o
3T	1Bv7YR	s113.134.21.1.ipda.vectant.ne.jp	!5.0 (Windows NT 10.0; Win64; x64) AppleWebKit/537.36 (KHTML, like Gecko) Chrome/52.0.2743.82 Safari/537.36	!yugen.pya.jp/wp/wp-admin/post.php?post=471&action=edit	uY,hq,o
3S	1BuEq6	ec2-52-50-153-171.eu-west-1.compute.amazonaws.com	Java/1.8.0_45	-	-
3R	1BuuyV	s113.134.21.1.ipda.vectant.ne.jp	!5.0 (Windows NT 10.0; Win64; x64) AppleWebKit/537.36 (KHTML, like Gecko) Chrome/52.0.2743.82 Safari/537.36	-	uY,hq,o
3Q	1Buo73	p17021-ipngn11301marunouchi.tokyo.ocn.ne.jp	!5.0 (Windows NT 6.1; WOW64; rv:38.0) Gecko/20100101 Firefox/38.0	-	uY,hq,o
3P	1Bu8eC	211.5.124.152	!5.0 (Windows NT 6.1; WOW64) AppleWebKit/537.36 (KHTML, like Gecko) Chrome/51.0.2704.103 Safari/537.36	https://www.google.co.jp/	m2,co,o
3O	1Bu6aN	s113.134.21.1.ipda.vectant.ne.jp	!5.0 (Windows NT 10.0; Win64; x64) AppleWebKit/537.36 (KHTML, like Gecko) Chrome/51.0.2704.103 Safari/537.36	-	ne,ew,o
3N	1BtI43	KD111238046213.au-net.ne.jp	!5.0 (Windows NT 10.0; WOW64; rv:47.0) Gecko/20100101 Firefox/47.0	https://www.google.co.jp	oM,dW,o
3M	1Btpxj	220-158-18-205.east.ap.gmo-isp.jp	!5.0 (Windows NT 6.1; WOW64) AppleWebKit/537.36 (KHTML, like Gecko) Chrome/51.0.2704.103 Safari/537.36	https://www.google.co.jp/	uY,hq,o
3L	1BsTwp	s113.134.21.1.ipda.vectant.ne.jp	!5.0 (Windows NT 10.0; Win64; x64) AppleWebKit/537.36 (KHTML, like Gecko) Chrome/51.0.2704.103 Safari/537.36	!yugen.pya.jp/wp/wp-admin/index.php	ne,ew,o
3K	1BsjmK	219.99.181.1	!5.0 (Windows NT 6.1; Trident/7.0; rv:11.0) like Gecko	!search.yahoo.co.jp/search?p=%E3%83%89%E3%83%A9%E3%82%A4%E3%83%96%E3%82%A4%E3%83%B3+%E3%81%BF%E3%81%A1%E3%81%97%E3%81%8A+%E8%BB%8A%E4%B8%AD%E6%B3%8A&search.x=1&tid=top_ga1_sa&ei=UTF-8&fr=top_ga1_sa&b=11	m2,co,o
3J	1BrYvO	p2371171-ipngn18001marunouchi.tokyo.ocn.ne.jp	!5.0 (Windows NT 6.1; Win64; x64) AppleWebKit/537.36 (KHTML, like Gecko) Chrome/51.0.2704.103 Safari/537.36	https://www.google.co.jp/	kE,gw,o
3I	1BrvAk	s113.134.21.1.ipda.vectant.ne.jp	!5.0 (Windows NT 10.0; Win64; x64) AppleWebKit/537.36 (KHTML, like Gecko) Chrome/51.0.2704.103 Safari/537.36	-	ne,ew,o
3H	1BqQVD	59-190-181-38f1.nar1.eonet.ne.jp	!5.0 (Windows NT 10.0; WOW64; rv:47.0) Gecko/20100101 Firefox/47.0	https://www.google.co.jp	uY,hq,o
3G	1BqNid	google-proxy-66-102-6-184.google.com	!5.0 (X11; Linux x86_64) AppleWebKit/537.36 (KHTML, like Gecko; Google Web Preview) Chrome/27.0.1453 Safari/537.36	!www.google.com/search	gw,gw,o
3F	1BqBSL	KD111104195013.ppp-bb.dion.ne.jp	!5.0 (Linux; Android 5.1.1; Nexus 9 Build/LMY48T) AppleWebKit/537.36 (KHTML, like Gecko) Chrome/51.0.2704.81 Safari/537.36	https://www.google.co.jp/	gw,co,w
3E	1Bqy79	msnbot-40-77-167-2.search.msn.com	!5.0 (compatible; bingbot/2.0; +http://www.bing.com/bingbot.htm)	-	gw,co,o
3D	1Bqf0A	msnbot-157-55-39-112.search.msn.com	!5.0 (compatible; bingbot/2.0; +http://www.bing.com/bingbot.htm)	-	gw,co,o
3C	1Bqa3K	p2936171-ipngn18201marunouchi.tokyo.ocn.ne.jp	!5.0 (Windows NT 6.1; WOW64; rv:38.0) Gecko/20100101 Firefox/38.0	-	uY,hq,o
3B	1BpSGL	s113.134.21.1.ipda.vectant.ne.jp	!5.0 (Windows NT 10.0; Win64; x64) AppleWebKit/537.36 (KHTML, like Gecko) Chrome/51.0.2704.103 Safari/537.36	!yugen.pya.jp/wp/wp-admin/index.php	ne,ew,o
3A	1BpNc3	125x100x73x82.ap125.ftth.ucom.ne.jp	!5.0 (Windows NT 10.0; WOW64) AppleWebKit/537.36 (KHTML, like Gecko) Chrome/51.0.2704.103 Safari/537.36	-	uY,hq,o
3z	1Bp9O2	s113.134.21.1.ipda.vectant.ne.jp	!5.0 (Windows NT 10.0; Win64; x64) AppleWebKit/537.36 (KHTML, like Gecko) Chrome/51.0.2704.103 Safari/537.36	-	ne,ew,o
3y	1Bp8Wt	ZM012102.ppp.dion.ne.jp	!5.0 (Windows NT 10.0; Win64; x64) AppleWebKit/537.36 (KHTML, like Gecko) Chrome/51.0.2704.106 Safari/537.36	https://www.google.co.jp/	Fi,ne,o
3x	1Bomts	s113.134.21.1.ipda.vectant.ne.jp	!5.0 (Windows NT 10.0; Win64; x64) AppleWebKit/537.36 (KHTML, like Gecko) Chrome/51.0.2704.103 Safari/537.36	-	ne,ew,o
3w	1BolWs	119.225.221.42	Java/1.6.0_04	-	-
3v	1Bo1Is	s113.134.21.1.ipda.vectant.ne.jp	!5.0 (Windows NT 10.0; Win64; x64) AppleWebKit/537.36 (KHTML, like Gecko) Chrome/51.0.2704.103 Safari/537.36	-	ne,ew,o
3u	1Bnlxv	115-124-233-143.ppp.bbiq.jp	!5.0 (Windows NT 6.3; WOW64) AppleWebKit/537.36 (KHTML, like Gecko) Chrome/51.0.2704.103 Safari/537.36	-	uY,hq,o
3t	1Bnlhz	s113.134.21.1.ipda.vectant.ne.jp	!5.0 (Windows NT 10.0; Win64; x64) AppleWebKit/537.36 (KHTML, like Gecko) Chrome/51.0.2704.103 Safari/537.36	-	ne,ew,o
3s	1BnhkE	dcm1-221-171-158-103.tky.mesh.ad.jp	!5.0 (Windows NT 10.0; Win64; x64) AppleWebKit/537.36 (KHTML, like Gecko) Chrome/51.0.2704.103 Safari/537.36	!yugen.pya.jp/wp/wp-admin/update-core.php?action=do-theme-upgrade	ne,ew,o
3r	1Bjvcl	s113.134.21.1.ipda.vectant.ne.jp	!5.0 (Windows NT 10.0; Win64; x64) AppleWebKit/537.36 (KHTML, like Gecko) Chrome/51.0.2704.103 Safari/537.36	-	ne,ew,o
3q	1Bimb0	msnbot-207-46-13-81.search.msn.com	!5.0 (compatible; bingbot/2.0; +http://www.bing.com/bingbot.htm)	-	gw,co,o
3p	1BhG2Y	p870110-ipngn503funabasi.chiba.ocn.ne.jp	!5.0 (Windows NT 6.3; WOW64; Trident/7.0; rv:11.0) like Gecko	!nalchemy.com/link/	uY,hq,o
3o	1BgIz7	125-9-117-31.rev.home.ne.jp	!5.0 (Nintendo WiiU) AppleWebKit/536.30 (KHTML, like Gecko) NX/3.0.4.2.12 NintendoBrowser/4.3.1.11264.JP	!search.yahoo.co.jp/search;_ylt=A3aX6e3KOm5X3mgASTuJBtF7?p=%E6%9C%89%E9%99%90%E5%B7%A5%E6%88%BF&search.x=1&fr=top_ga1_sa&tid=top_ga1_sa&ei=UTF-8&aq=&oq=&afs=	kE,bC,w
3n	1Bf89n	d-117-74-21-169.d-cable.katch.ne.jp	!5.0 (Windows NT 6.1; WOW64) AppleWebKit/537.36 (KHTML, like Gecko) Chrome/51.0.2704.103 Safari/537.36	-	m2,co,o
3m	1BcrZX	pab6ae8.tubehm00.ap.so-net.ne.jp	!5.0 (Windows NT 6.3; WOW64; Trident/7.0; Touch; MAARJS; rv:11.0) like Gecko	!nalchemy.com/link/	m2,co,o
3l	1Bcp0L	ZM012102.ppp.dion.ne.jp	!5.0 (Windows NT 10.0; WOW64; Trident/7.0; Touch; rv:11.0) like Gecko	!www.google.co.jp/url?sa=t&rct=j&q=&esrc=s&source=web&cd=1&ved=0ahUKEwiZ18Ob5KTNAhVjIKYKHU5MA1wQFggbMAA&url=http%3A%2F%2Fyugen.pya.jp%2F&usg=AFQjCNHdieBh2uu-AsWbshygovkw7JWn3Q&sig2=pUjzysO-jFaJpp4BsGh3Ng&bvm=bv.124272578,d.dGY	jZ,bf,o
3k	1BbEFf	s113.134.21.1.ipda.vectant.ne.jp	!5.0 (Windows NT 10.0; Win64; x64) AppleWebKit/537.36 (KHTML, like Gecko) Chrome/51.0.2704.84 Safari/537.36	-	ne,ew,o
3j	1Bbj0e	ZM012102.ppp.dion.ne.jp	!5.0 (Windows NT 10.0; WOW64) AppleWebKit/537.36 (KHTML, like Gecko) Chrome/51.0.2704.84 Safari/537.36	https://www.google.co.jp/	uY,hq,o
3i	1B9MWz	osaki062125.urban.ne.jp	!5.0 (Windows NT 6.3; WOW64; Trident/7.0; rv:11.0) like Gecko	!search.yahoo.co.jp/search?p=%97L%8C%C0%8DH%96%5B&fr=ysswb&ei=Shift_JIS&search.x=0&search.y=0	m2,co,o
3h	1B90S2	s113.134.21.1.ipda.vectant.ne.jp	!5.0 (Windows NT 10.0; Win64; x64) AppleWebKit/537.36 (KHTML, like Gecko) Chrome/50.0.2661.102 Safari/537.36	-	ne,ew,o
3g	1B8hgi	em119-72-199-151.pool.e-mobile.ne.jp	!5.0 (Windows NT 6.1; WOW64) AppleWebKit/537.36 (KHTML, like Gecko) Chrome/51.0.2704.63 Safari/537.36	https://www.google.co.jp/	uY,hq,o
3f	1B6kaW	s113.134.21.1.ipda.vectant.ne.jp	!5.0 (Windows NT 10.0; Win64; x64) AppleWebKit/537.36 (KHTML, like Gecko) Chrome/50.0.2661.102 Safari/537.36	https://www.google.co.jp/	ne,ew,o
3e	1B6acy	I023129.ppp.dion.ne.jp	Opera/9.80 (Windows NT 5.0; U; ja) Presto/2.6.30 Version/10.63	!www.google.co.jp/url?url=http://yugen.pya.jp/&rct=j&q=&esrc=s&sa=U&ved=0ahUKEwiwreuGwfnMAhWJopQKHUn6CrIQFggUMAA&sig2=cNtTlVuMdcYRDv5pPwOAPg&usg=AFQjCNEgqNY5yYGFKoksojJvBAF8LGnBRw	gw,co,o
3d	1B69ie	210.233.22.43	!5.0 (Windows NT 6.1; rv:46.0) Gecko/20100101 Firefox/46.0	https://www.google.co.jp	uY,hq,o
3c	1B65ZO	d-117-74-21-169.d-cable.katch.ne.jp	!5.0 (Windows NT 6.1; WOW64) AppleWebKit/537.36 (KHTML, like Gecko) Chrome/50.0.2661.102 Safari/537.36	-	m2,co,o
3b	1B61e0	crawl-66-249-79-19.googlebot.com	!5.0 (compatible; Googlebot/2.1; +http://www.google.com/bot.html)	-	gw,co,o
3a	1B61dP	google-proxy-66-249-84-141.google.com	!5.0 (X11; Linux x86_64) AppleWebKit/537.36 (KHTML, like Gecko; Google Search Console) Chrome/27.0.1453 Safari/537.36	-	gw,co,o
39	1B6171	google-proxy-66-249-82-215.google.com	!5.0 (X11; Linux x86_64) AppleWebKit/537.36 (KHTML, like Gecko; Google Page Speed Insights) Chrome/27.0.1453 Safari/537.36	-	gw,co,o
38	1B615k	google-proxy-66-249-82-209.google.com	!5.0 (X11; Linux x86_64) AppleWebKit/537.36 (KHTML, like Gecko; Google Page Speed Insights) Chrome/27.0.1453 Safari/537.36	-	gw,co,o
37	1B6155	google-proxy-66-249-88-164.google.com	!5.0 (X11; Linux x86_64) AppleWebKit/537.36 (KHTML, like Gecko; Google Page Speed Insights) Chrome/27.0.1453 Safari/537.36	-	gw,co,o
36	1B5AI2	s113.134.21.1.ipda.vectant.ne.jp	!5.0 (Windows NT 10.0; Win64; x64) AppleWebKit/537.36 (KHTML, like Gecko) Chrome/50.0.2661.102 Safari/537.36	!yugen.pya.jp/wp/wp-admin/post.php?post=395&action=edit	ne,ew,o
35	1B5ACV	google-proxy-66-102-6-195.google.com	!5.0 (X11; Linux x86_64) AppleWebKit/537.36 (KHTML, like Gecko; Google Web Preview) Chrome/27.0.1453 Safari/537.36	!www.google.com/search	gw,gw,o
34	1B49md	s113.134.21.1.ipda.vectant.ne.jp	!5.0 (Windows NT 10.0; Win64; x64) AppleWebKit/537.36 (KHTML, like Gecko) Chrome/50.0.2661.102 Safari/537.36	-	ne,ew,o
33	1AVoTt	d-117-74-21-169.d-cable.katch.ne.jp	!5.0 (Windows NT 6.1; WOW64) AppleWebKit/537.36 (KHTML, like Gecko) Chrome/49.0.2623.112 Safari/537.36	-	m2,co,o
32	1AQh4M	p8005-ipngn3101souka.saitama.ocn.ne.jp	!5.0 (iPad; CPU OS 9_2_1 like Mac OS X) AppleWebKit/601.1.46 (KHTML, like Gecko) Version/9.0 Mobile/13D15 Safari/601.1	!yugen.pya.jp/2016/01/	co,gw,w
31	1ALZIB	d-117-74-21-169.d-cable.katch.ne.jp	!5.0 (Windows NT 6.1; WOW64) AppleWebKit/537.36 (KHTML, like Gecko) Chrome/49.0.2623.110 Safari/537.36	-	m2,co,o
30	1AKwK5	p4a89af.ibrknt01.ap.so-net.ne.jp	!5.0 (Windows NT 6.1; WOW64; Trident/7.0; rv:11.0) like Gecko	!yugen.pya.jp/%E3%81%93%E3%81%AE%E3%82%B5%E3%82%A4%E3%83%88%E3%81%AB%E3%81%A4%E3%81%84%E3%81%A6/	uY,hq,o
2Z	1AGZOk	d-117-74-21-169.d-cable.katch.ne.jp	!5.0 (Windows NT 6.1; WOW64) AppleWebKit/537.36 (KHTML, like Gecko) Chrome/49.0.2623.87 Safari/537.36	-	m2,co,o
2Y	1ACGae	ntchba261084.chba.nt.ngn2.ppp.infoweb.ne.jp	!5.0 (Windows NT 10.0; Win64; x64; rv:44.0) Gecko/20100101 Firefox/44.0	https://www.google.co.jp	cU,9G,o
2X	1AA8Bl	msnbot-40-77-167-2.search.msn.com	!5.0 (compatible; bingbot/2.0; +http://www.bing.com/bingbot.htm)	-	gw,co,o
2W	1AzuNp	KD113153086102.ppp-bb.dion.ne.jp	!5.0 (Windows NT 6.1; Win64; x64) AppleWebKit/537.36 (KHTML, like Gecko) Chrome/48.0.2564.116 Safari/537.36	!yugen.pya.jp/category/kurowiz/	m2,co,o
2V	1AvBHM	59-171-156-199.rev.home.ne.jp	!5.0 (Windows NT 6.1; rv:44.0) Gecko/20100101 Firefox/44.0	https://www.google.co.jp	qQ,f6,o
2U	1Aq5VB	p20175-ipngn3701funabasi.chiba.ocn.ne.jp	!5.0 (Windows NT 6.1; WOW64; rv:44.0) Gecko/20100101 Firefox/44.0	!yugen.pya.jp/2015/04/14/%e3%83%9f%e3%83%aa%e3%82%aa%e3%83%b3%e3%82%b4%e3%83%83%e3%83%89-%e7%a5%9e%e3%80%85%e3%81%ae%e5%87%b1%e6%97%8b/	uY,hq,o
2T	1ApvYq	i121-117-152-144.s05.a020.ap.plala.or.jp	!5.0 (PlayStation Vita 3.57) AppleWebKit/537.73 (KHTML, like Gecko) Silk/3.2	!nalchemy.com/link/	fu,8M,o
2S	1Aoo4f	msnbot-207-46-13-132.search.msn.com	!5.0 (compatible; bingbot/2.0; +http://www.bing.com/bingbot.htm)	-	gw,co,o
2R	1AnPCY	msnbot-157-55-39-45.search.msn.com	!5.0 (compatible; bingbot/2.0; +http://www.bing.com/bingbot.htm)	-	0,0,o
2Q	1AnPxg	msnbot-157-55-39-44.search.msn.com	!5.0 (compatible; bingbot/2.0; +http://www.bing.com/bingbot.htm)	noscript	-
2P	1Ann4x	msnbot-199-30-24-243.search.msn.com	!5.0 (Windows NT 6.1; WOW64) AppleWebKit/534+ (KHTML, like Gecko) BingPreview/1.0b	-	gw,co,o
2O	1AjH7s	s113.134.21.1.ipda.vectant.ne.jp	!5.0 (Windows NT 10.0; Win64; x64) AppleWebKit/537.36 (KHTML, like Gecko) Chrome/47.0.2526.106 Safari/537.36	!yugen.pya.jp/wp/wp-admin/post-new.php	ne,ew,o
2N	1AjnQW	msnbot-40-77-167-59.search.msn.com	!5.0 (compatible; bingbot/2.0; +http://www.bing.com/bingbot.htm)	-	gw,co,o
2M	1A80E6	google-proxy-66-102-6-132.google.com	!5.0 (X11; Linux x86_64) AppleWebKit/537.36 (KHTML, like Gecko; Google Web Preview) Chrome/27.0.1453 Safari/537.36	!www.google.com/search	gw,gw,o
2L	1A7J73	d-117-74-21-169.d-cable.katch.ne.jp	!5.0 (Windows NT 6.1; WOW64) AppleWebKit/537.36 (KHTML, like Gecko) Chrome/47.0.2526.73 Safari/537.36	-	m2,co,o
2K	1A1ZoH	KD124212148223.ppp-bb.dion.ne.jp	!5.0 (Windows NT 6.1; WOW64) AppleWebKit/537.36 (KHTML, like Gecko) Chrome/46.0.2490.86 Safari/537.36	!yugen.pya.jp/category/works/	uY,jm,o
2J	1A0gHV	c-73-154-48-83.hsd1.pa.comcast.net	!5.0 (iPad; CPU OS 9_1 like Mac OS X) AppleWebKit/601.1.46 (KHTML, like Gecko) Version/9.0 Mobile/13B143 Safari/601.1	!nalchemy.com/link/	co,gw,w
2I	1zWRu8	101-143-36-92f1.osk3.eonet.ne.jp	!5.0 (Macintosh; Intel Mac OS X 10.8; rv:42.0) Gecko/20100101 Firefox/42.0	https://www.google.co.jp	r6,gW,o
2H	1zWvRu	d-117-74-21-169.d-cable.katch.ne.jp	!5.0 (Windows NT 6.1; WOW64) AppleWebKit/537.36 (KHTML, like Gecko) Chrome/46.0.2490.80 Safari/537.36	-	m2,co,o
2G	1zRFqY	pw126186097200.7.panda-world.ne.jp	!5.0 (iPad; CPU OS 9_0_1 like Mac OS X) AppleWebKit/601.1.46 (KHTML, like Gecko) Version/9.0 Mobile/13A404 Safari/601.1	!nalchemy.com/link/	co,gw,w
2F	1zPcPu	ntsitm022001.sitm.nt.ngn.ppp.infoweb.ne.jp	!5.0 (Windows NT 10.0; Win64; x64; rv:41.0) Gecko/20100101 Firefox/41.0 SeaMonkey/2.38	!yugen.pya.jp/author/fuka/	uY,jm,o
2E	1zOyCS	KD121108192249.ppp-bb.dion.ne.jp	!5.0 (Windows NT 6.1; WOW64; Trident/7.0; rv:11.0) like Gecko	!www.google.co.jp/url?sa=t&rct=j&q=&esrc=s&source=web&cd=2&ved=0CCMQFjABahUKEwihppDDq9HIAhVLopQKHQ6oDDY&url=http%3A%2F%2Fyugen.pya.jp%2F&usg=AFQjCNHdieBh2uu-AsWbshygovkw7JWn3Q	uY,jm,o
2D	1zN37y	116.102.234.111.ap.yournet.ne.jp	!5.0 (iPad; CPU OS 8_2 like Mac OS X) AppleWebKit/600.1.4 (KHTML, like Gecko) Version/8.0 Mobile/12D508 Safari/600.1.4	https://www.google.co.jp/	co,gw,w
2C	1zEPdx	d-117-74-13-179.d-cable.katch.ne.jp	!5.0 (Windows NT 6.1; WOW64) AppleWebKit/537.36 (KHTML, like Gecko) Chrome/45.0.2454.93 Safari/537.36	-	m2,co,o
2B	1zCQob	i58-93-180-20.s05.a001.ap.plala.or.jp	!5.0 (Windows NT 6.1; WOW64; rv:40.0) Gecko/20100101 Firefox/40.0	https://www.google.co.jp	uY,hq,o
2A	1zCwJL	softbank126074131227.bbtec.net	!5.0 (Macintosh; Intel Mac OS X 10_10_4) AppleWebKit/537.36 (KHTML, like Gecko) Chrome/45.0.2454.93 Safari/537.36	https://www.google.co.jp/	kE,cU,o
2z	1zBrHQ	s113.134.21.1.ipda.vectant.ne.jp	!5.0 (Windows NT 10.0; Win64; x64) AppleWebKit/537.36 (KHTML, like Gecko) Chrome/45.0.2454.85 Safari/537.36	-	ne,ew,o
2y	1zwCGn	ZU031061.ppp.dion.ne.jp	!5.0 (Windows NT 6.1; Win64; x64; rv:37.0) Gecko/20100101 Firefox/37.0 Cyberfox/37.0.2	!yugen.pya.jp/%e3%81%93%e3%81%ae%e3%82%b5%e3%82%a4%e3%83%88%e3%81%ab%e3%81%a4%e3%81%84%e3%81%a6/	kE,cU,o
2x	1zvJ1x	p76ee366e.tokynt01.ap.so-net.ne.jp	!5.0 (Macintosh; Intel Mac OS X 10_6_8) AppleWebKit/534.59.10 (KHTML, like Gecko) Version/5.1.9 Safari/534.59.10	!yugen.pya.jp/category/kurowiz/	uY,jm,o
2w	1zvgov	114-43-108-209.dynamic.hinet.net	!5.0 (Windows NT 6.1; WOW64; rv:40.0) Gecko/20100101 Firefox/40.0	noscript	-
2v	1zt49y	d-117-74-13-179.d-cable.katch.ne.jp	!5.0 (Windows NT 6.1; WOW64) AppleWebKit/537.36 (KHTML, like Gecko) Chrome/44.0.2403.155 Safari/537.36	-	m2,co,o
2u	1zrAPt	nttkyo459172.tkyo.nt.ftth.ppp.infoweb.ne.jp	!5.0 (Windows NT 6.1; WOW64; rv:12.0) Gecko/20100101 Firefox/12.0	noscript	-
2t	1zoO8I	static.37.126.251.148.clients.your-server.de	!5.0 (Windows NT 6.1; Trident/7.0; rv:11.0) like Gecko	-	gw,co,o
2s	1zlash	s113.134.21.1.ipda.vectant.ne.jp	!5.0 (Windows NT 6.1; Win64; x64) AppleWebKit/537.36 (KHTML, like Gecko) Chrome/44.0.2403.125 Safari/537.36	-	ne,ew,o
2r	1ziKNO	p3170-ipbfp704kobeminato.hyogo.ocn.ne.jp	!5.0 (Windows NT 6.1; WOW64) AppleWebKit/537.36 (KHTML, like Gecko) Chrome/43.0.2357.134 Safari/537.36	-	r6,gW,o
2q	1zhExd	d-117-74-13-179.d-cable.katch.ne.jp	!5.0 (Windows NT 6.1; WOW64) AppleWebKit/537.36 (KHTML, like Gecko) Chrome/43.0.2357.134 Safari/537.36	-	m2,co,o
2p	1zdS0n	61-21-43-239.rev.home.ne.jp	!5.0 (Windows NT 6.3; WOW64; rv:39.0) Gecko/20100101 Firefox/39.0	!www.google.co.jp/url?sa=t&rct=j&q=&esrc=s&source=web&cd=2&ved=0CCUQFjAB&url=http%3A%2F%2Fyugen.pya.jp%2F&ei=he-gVcCRL8K30gSI7oDYDQ&usg=AFQjCNHdieBh2uu-AsWbshygovkw7JWn3Q&bvm=bv.97653015,d.dGo&cad=rjt	uY,hq,o
2o	1zcrCI	crawl331.us.archive.org	!5.0 (Unknown; Linux x86_64) AppleWebKit/534.34 (KHTML, like Gecko) PhantomJS/1.6.1 Safari/534.34	-	gw,co,w
2n	1zcrCJ	crawl330.us.archive.org	!5.0 (Unknown; Linux x86_64) AppleWebKit/534.34 (KHTML, like Gecko) PhantomJS/1.6.1 Safari/534.34	-	gw,co,w
2m	1z7K0D	s113.134.21.1.ipda.vectant.ne.jp	!5.0 (Windows NT 6.1; Win64; x64) AppleWebKit/537.36 (KHTML, like Gecko) Chrome/43.0.2357.130 Safari/537.36	-	ne,ew,o
2l	1z2dxL	s21-15.opera-mini.net	!5.0 (Windows NT 6.1) AppleWebKit/537.36 (KHTML, like Gecko) Chrome/42.0.2311.152 Safari/537.36 OPR/29.0.1795.60	https://www.google.co.jp/	uY,hq,o
2k	1z2dtO	s21-13.opera-mini.net	!5.0 (Windows NT 6.1) AppleWebKit/537.36 (KHTML, like Gecko) Chrome/42.0.2311.152 Safari/537.36 OPR/29.0.1795.60	https://www.google.co.jp/	uY,hq,o
2j	1z2dqJ	s20-15.opera-mini.net	!5.0 (Windows NT 6.1) AppleWebKit/537.36 (KHTML, like Gecko) Chrome/42.0.2311.152 Safari/537.36 OPR/29.0.1795.60	!yugen.pya.jp/%E3%81%93%E3%81%AE%E3%82%B5%E3%82%A4%E3%83%88%E3%81%AB%E3%81%A4%E3%81%84%E3%81%A6/	uY,hq,o
2i	1yYvBm	s113.134.21.1.ipda.vectant.ne.jp	!5.0 (Windows NT 6.1; Win64; x64) AppleWebKit/537.36 (KHTML, like Gecko) Chrome/43.0.2357.81 Safari/537.36	-	ne,ew,o
2h	1yY550	d-117-74-13-179.d-cable.katch.ne.jp	!5.0 (Windows NT 6.1; WOW64) AppleWebKit/537.36 (KHTML, like Gecko) Chrome/43.0.2357.81 Safari/537.36	-	m2,co,o
2g	1yWKJb	doc3u069139.ictv.ne.jp	!5.0 (Windows NT 6.1; WOW64) AppleWebKit/537.36 (KHTML, like Gecko) Chrome/43.0.2357.65 Safari/537.36	!yugen.pya.jp/author/fuka/	uY,jm,o
2f	1yW1v6	s113.134.21.1.ipda.vectant.ne.jp	!5.0 (Windows NT 6.3; WOW64) AppleWebKit/537.36 (KHTML, like Gecko) Chrome/43.0.2357.65 Safari/537.36	-	uY,hq,o
2e	1yVo6I	d-117-74-13-179.d-cable.katch.ne.jp	!5.0 (Windows NT 6.1; WOW64) AppleWebKit/537.36 (KHTML, like Gecko) Chrome/42.0.2311.152 Safari/537.36	-	m2,co,o
2d	1ySIMq	google-proxy-64-233-173-152.google.com	!5.0 (en-us) AppleWebKit/534.14 (KHTML, like Gecko; Google Wireless Transcoder) Chrome/9.0.597 Safari/534.14	noscript	-
2c	1yNnib	d-117-74-13-179.d-cable.katch.ne.jp	!5.0 (Windows NT 6.1; WOW64) AppleWebKit/537.36 (KHTML, like Gecko) Chrome/42.0.2311.90 Safari/537.36	-	m2,co,o
2b	1yLEmT	s113.134.21.1.ipda.vectant.ne.jp	!5.0 (Windows NT 6.3; WOW64) AppleWebKit/537.36 (KHTML, like Gecko) Chrome/42.0.2311.90 Safari/537.36	!yugen.pya.jp/wp/wp-login.php?redirect_to=http%3A%2F%2Fyugen.pya.jp%2Fwp%2Fwp-admin%2Findex.php&reauth=1	uY,hq,o
2a	1yLp4Q	d-117-74-13-179.d-cable.katch.ne.jp	!5.0 (Windows NT 6.1; WOW64) AppleWebKit/537.36 (KHTML, like Gecko) Chrome/42.0.2311.90 Safari/537.36	-	m2,co,o
29	1yKvos	s113.134.21.1.ipda.vectant.ne.jp	!5.0 (Windows NT 6.3; WOW64) AppleWebKit/537.36 (KHTML, like Gecko) Chrome/42.0.2311.90 Safari/537.36	!yugen.pya.jp/wp/wp-admin/index.php	uY,hq,o
28	1yJEp1	d-117-74-13-179.d-cable.katch.ne.jp	!5.0 (Windows NT 6.1; WOW64) AppleWebKit/537.36 (KHTML, like Gecko) Chrome/42.0.2311.90 Safari/537.36	-	m2,co,o
27	1yJ94R	softbank126088030151.bbtec.net	!5.0 (Linux; Android 4.2.1; ME301T Build/JOP40D) AppleWebKit/537.36 (KHTML, like Gecko) Chrome/41.0.2272.96 Safari/537.36	noscript	-
26	1yIVFt	125-14-240-154.rev.home.ne.jp	!5.0 (Windows NT 6.1; Win64; x64) AppleWebKit/537.36 (KHTML, like Gecko) Chrome/42.0.2311.90 Safari/537.36	https://www.google.co.jp/	m2,co,o
25	1yHOxp	s581035.xgsspn.imtp.tachikawa.spmode.ne.jp	!5.0 (Windows NT 6.1; Win64; x64) AppleWebKit/537.36 (KHTML, like Gecko) Chrome/41.0.2272.118 Safari/537.36	!yugen.pya.jp/wp/wp-admin/index.php	ne,ew,o
24	1yFwiw	s113.134.21.1.ipda.vectant.ne.jp	!5.0 (Windows NT 6.3; WOW64) AppleWebKit/537.36 (KHTML, like Gecko) Chrome/41.0.2272.118 Safari/537.36	!yugen.pya.jp/wp/wp-admin/options-general.php?page=sharing&update=saved	uY,hq,o
23	1yFjOp	www.server1.adexd.net	!5.0 (Windows NT 6.3; WOW64) AppleWebKit/537.36 (KHTML, like Gecko) Chrome/41.0.2272.118 Safari/537.36	!yugen.pya.jp/%E3%81%93%E3%81%AE%E3%82%B5%E3%82%A4%E3%83%88%E3%81%AB%E3%81%A4%E3%81%84%E3%81%A6/	m2,co,o
22	1yBsKv	d-117-74-13-179.d-cable.katch.ne.jp	!5.0 (Windows NT 6.1; WOW64) AppleWebKit/537.36 (KHTML, like Gecko) Chrome/41.0.2272.101 Safari/537.36	-	m2,co,o
21	1yyfwf	google-proxy-66-249-82-130.google.com	!5.0 (X11; Linux x86_64) AppleWebKit/537.36 (KHTML, like Gecko; Google Web Preview) Chrome/27.0.1453 Safari/537.36	!www.google.com/search	gw,gw,o
20	1ywnJL	s113.134.21.1.ipda.vectant.ne.jp	!5.0 (Windows NT 6.1; Win64; x64) AppleWebKit/537.36 (KHTML, like Gecko) Chrome/40.0.2214.115 Safari/537.36	-	ne,ew,o
1Z	1yvk3o	i219-167-197-8.s02.a004.ap.plala.or.jp	!5.0 (Windows NT 6.1; WOW64) AppleWebKit/537.36 (KHTML, like Gecko) Chrome/33.0.1750.154 Safari/537.36	!yugen.pya.jp/%E3%81%93%E3%81%AE%E3%82%B5%E3%82%A4%E3%83%88%E3%81%AB%E3%81%A4%E3%81%84%E3%81%A6/	kE,gw,o
1Y	1ys28G	d-117-74-13-179.d-cable.katch.ne.jp	!5.0 (Windows NT 6.1; WOW64) AppleWebKit/537.36 (KHTML, like Gecko) Chrome/40.0.2214.115 Safari/537.36	-	m2,co,o
1X	1ypPoI	i118-20-88-113.s05.a013.ap.plala.or.jp	!5.0 (Windows NT 6.1; WOW64; rv:35.0) Gecko/20100101 Firefox/35.0	!www.google.co.jp/url?sa=t&rct=j&q=&esrc=s&source=web&cd=104&cad=rja&uact=8&ved=0CC4QFjADOGQ&url=http%3A%2F%2Fyugen.pya.jp%2F&ei=9fPqVLWFMYb_8QWx6oCgAg&usg=AFQjCNHdieBh2uu-AsWbshygovkw7JWn3Q&bvm=bv.86475890,d.dGc	uY,hq,o
1W	1yprCm	d-117-74-13-179.d-cable.katch.ne.jp	!5.0 (Windows NT 6.1; WOW64) AppleWebKit/537.36 (KHTML, like Gecko) Chrome/40.0.2214.111 Safari/537.36	-	m2,co,o
1V	1yoeM9	209.15.21.104	!5.0 (X11; Linux x86_64; rv:10.0.12) Gecko/20100101 Firefox/21.0 WordPress.com mShots	-	pO,jm,o
1U	1ymjYr	s113.134.21.1.ipda.vectant.ne.jp	!5.0 (Windows NT 6.1; Win64; x64) AppleWebKit/537.36 (KHTML, like Gecko) Chrome/40.0.2214.111 Safari/537.36	!yugen.pya.jp/wp/wp-admin/post.php?post=348&action=edit&message=10	ne,ew,o
1T	1ym371	d-117-74-13-179.d-cable.katch.ne.jp	!5.0 (Windows NT 6.1; WOW64) AppleWebKit/537.36 (KHTML, like Gecko) Chrome/40.0.2214.111 Safari/537.36	-	m2,co,o
1S	1yiXzf	s113.134.21.1.ipda.vectant.ne.jp	!5.0 (Windows NT 6.1; Win64; x64) AppleWebKit/537.36 (KHTML, like Gecko) Chrome/40.0.2214.93 Safari/537.36	-	ne,ew,o
1R	1yiaWs	d-117-74-13-179.d-cable.katch.ne.jp	!5.0 (Windows NT 6.1; WOW64) AppleWebKit/537.36 (KHTML, like Gecko) Chrome/40.0.2214.94 Safari/537.36	-	m2,co,o
1Q	1yhvKv	ntoska044219.oska.nt.ngn.ppp.infoweb.ne.jp	!5.0 (Windows NT 6.1; WOW64; Trident/7.0; rv:11.0) like Gecko	!yugen.pya.jp/2014/08/30/%E9%BB%92%E7%8C%AB%E3%81%AE%E3%82%A6%E3%82%A3%E3%82%BA%EF%BC%9A%E3%82%B7%E3%82%B9%E3%83%86%E3%83%A0%E8%A7%A3%E6%9E%90%EF%BC%88%E6%92%A4%E9%80%80%EF%BC%89/	pO,ew,o
1P	1ygrt4	s113.134.21.1.ipda.vectant.ne.jp	!5.0 (Windows NT 6.1; Win64; x64) AppleWebKit/537.36 (KHTML, like Gecko) Chrome/40.0.2214.93 Safari/537.36	-	ne,ew,o
1O	1yfzyv	s1439010.xgsspn.imtp.tachikawa.spmode.ne.jp	!5.0 (Windows NT 6.1; Win64; x64) AppleWebKit/537.36 (KHTML, like Gecko) Chrome/39.0.2171.99 Safari/537.36	-	ne,ew,o
1N	1yehtJ	s113.134.21.1.ipda.vectant.ne.jp	!5.0 (Windows NT 6.1; Win64; x64) AppleWebKit/537.36 (KHTML, like Gecko) Chrome/39.0.2171.99 Safari/537.36	-	ne,ew,o
1M	1yd7xf	d-117-74-13-179.d-cable.katch.ne.jp	!5.0 (Windows NT 6.1; WOW64) AppleWebKit/537.36 (KHTML, like Gecko) Chrome/39.0.2171.99 Safari/537.36	-	m2,co,o
1L	1ycBN3	181.subnet222-124-115.speedy.telkom.net.id	!5.0 (Linux; Android 4.1.1; Nexus 7 Build/JRO03D) AppleWebKit/535.19 (KHTML, like Gecko) Chrome/18.0.1025.166  Safari/535.19	!yugenk.seesaa.net/?from_pc	kE,cU,o
1K	1y9FhY	d-117-74-13-179.d-cable.katch.ne.jp	!5.0 (Windows NT 6.1; WOW64) AppleWebKit/537.36 (KHTML, like Gecko) Chrome/39.0.2171.95 Safari/537.36	-	m2,co,o
1J	1y9BBs	s113.134.21.1.ipda.vectant.ne.jp	!5.0 (Windows NT 6.1; WOW64) AppleWebKit/537.36 (KHTML, like Gecko) Chrome/39.0.2171.95 Safari/537.36	!yugen.pya.jp/wp/wp-admin/post.php?post=316&action=edit	ne,ew,o
1I	1y8EMv	d-117-74-13-179.d-cable.katch.ne.jp	!5.0 (Windows NT 6.1; WOW64) AppleWebKit/537.36 (KHTML, like Gecko) Chrome/39.0.2171.95 Safari/537.36	-	m2,co,o
1H	1y8m0p	KD113151117041.ppp-bb.dion.ne.jp	!5.0 (Windows NT 5.1; rv:34.0) Gecko/20100101 Firefox/34.0	!yugen.pya.jp/cgi%E3%83%97%E3%83%AD%E3%82%B0%E3%83%A9%E3%83%A0/efstat%EF%BC%88%E3%82%A2%E3%82%AF%E3%82%BB%E3%82%B9%E8%A7%A3%E6%9E%90cgi%EF%BC%89/	hd,dL,o
1G	1y7HU6	d-117-74-13-179.d-cable.katch.ne.jp	!5.0 (Windows NT 6.1; WOW64) AppleWebKit/537.36 (KHTML, like Gecko) Chrome/39.0.2171.95 Safari/537.36	-	m2,co,o
1F	1y6MDP	softbank126012192233.bbtec.net	!5.0 (Windows NT 6.1; WOW64) AppleWebKit/537.36 (KHTML, like Gecko) Chrome/39.0.2171.95 Safari/537.36	!yugen.pya.jp/2014/08/30/%E9%BB%92%E7%8C%AB%E3%81%AE%E3%82%A6%E3%82%A3%E3%82%BA%EF%BC%9A%E3%82%B7%E3%82%B9%E3%83%86%E3%83%A0%E8%A7%A3%E6%9E%90%EF%BC%88%E6%92%A4%E9%80%80%EF%BC%89/	uY,hq,o
1E	1y6GqW	PPPa129.e3.eacc.dti.ne.jp	!5.0 (Windows NT 6.1; Win64; x64) AppleWebKit/537.36 (KHTML, like Gecko) Chrome/39.0.2171.95 Safari/537.36	https://www.google.co.jp/	uY,hq,o
1D	1y4r6p	d-117-74-13-179.d-cable.katch.ne.jp	!5.0 (Windows NT 6.1; WOW64) AppleWebKit/537.36 (KHTML, like Gecko) Chrome/39.0.2171.95 Safari/537.36	-	m2,co,o
1C	1y3ONJ	s113.134.21.1.ipda.vectant.ne.jp	!5.0 (Windows NT 6.1; WOW64) AppleWebKit/537.36 (KHTML, like Gecko) Chrome/39.0.2171.95 Safari/537.36	-	ne,ew,o
1B	1y3muF	d-117-74-13-179.d-cable.katch.ne.jp	!5.0 (Windows NT 6.1; WOW64) AppleWebKit/537.36 (KHTML, like Gecko) Chrome/39.0.2171.95 Safari/537.36	-	m2,co,o
1A	1y2wy2	s113.134.21.1.ipda.vectant.ne.jp	!5.0 (Windows NT 6.1; WOW64) AppleWebKit/537.36 (KHTML, like Gecko) Chrome/39.0.2171.95 Safari/537.36	-	ne,ew,o
1z	1y2ffq	d-117-74-13-179.d-cable.katch.ne.jp	!5.0 (Windows NT 6.1; WOW64) AppleWebKit/537.36 (KHTML, like Gecko) Chrome/39.0.2171.95 Safari/537.36	-	m2,co,o
1y	1y2cyH	s113.134.21.1.ipda.vectant.ne.jp	!5.0 (Windows NT 6.1; WOW64) AppleWebKit/537.36 (KHTML, like Gecko) Chrome/39.0.2171.95 Safari/537.36	!yugen.pya.jp/wp/wp-admin/post.php?post=295&action=edit&message=10	ne,ew,o
1x	1xZtdu	d-117-74-13-179.d-cable.katch.ne.jp	!5.0 (Windows NT 6.1; WOW64) AppleWebKit/537.36 (KHTML, like Gecko) Chrome/39.0.2171.71 Safari/537.36	-	m2,co,o
1w	1xXg2u	s113.134.21.1.ipda.vectant.ne.jp	!5.0 (Windows NT 6.1; WOW64) AppleWebKit/537.36 (KHTML, like Gecko) Chrome/39.0.2171.71 Safari/537.36	!yugen.pya.jp/wp/wp-admin/themes.php	ne,ew,o
1v	1xWwwI	d-117-74-13-179.d-cable.katch.ne.jp	!5.0 (Windows NT 6.1; WOW64) AppleWebKit/537.36 (KHTML, like Gecko) Chrome/39.0.2171.71 Safari/537.36	-	m2,co,o
1u	1xVQDA	s113.134.21.1.ipda.vectant.ne.jp	!5.0 (Windows NT 6.1; WOW64) AppleWebKit/537.36 (KHTML, like Gecko) Chrome/39.0.2171.71 Safari/537.36	-	ne,ew,o
1t	1xVOt0	d-117-74-13-179.d-cable.katch.ne.jp	!5.0 (Windows NT 6.1; WOW64) AppleWebKit/537.36 (KHTML, like Gecko) Chrome/39.0.2171.71 Safari/537.36	-	m2,co,o
1s	1xVBYQ	s113.134.21.1.ipda.vectant.ne.jp	!5.0 (Windows NT 6.1; WOW64) AppleWebKit/537.36 (KHTML, like Gecko) Chrome/39.0.2171.71 Safari/537.36	!yugen.pya.jp/wp/wp-admin/admin.php?page=google_universal_analytics	ne,ew,o
1r	1xVxfW	static.37.126.251.148.clients.your-server.de	!5.0 (Windows NT 6.1; Trident/7.0; rv:11.0) like Gecko	-	gw,co,o
1q	1xVt02	s113.134.21.1.ipda.vectant.ne.jp	!5.0 (Windows NT 6.1; WOW64) AppleWebKit/537.36 (KHTML, like Gecko) Chrome/39.0.2171.71 Safari/537.36	!yugen.pya.jp/wp/wp-admin/post-new.php	ne,ew,o
1p	1xVc14	d-117-74-13-179.d-cable.katch.ne.jp	!5.0 (Windows NT 6.1; WOW64) AppleWebKit/537.36 (KHTML, like Gecko) Chrome/39.0.2171.71 Safari/537.36	-	m2,co,o
1o	1xV5ql	p6044-ipbfp1805kobeminato.hyogo.ocn.ne.jp	!5.0 (iPhone; CPU iPhone OS 7_0_1 like Mac OS X) AppleWebKit/537.51.1 (KHTML, like Gecko) Version/7.0 Mobile/11A470a Safari/9537.53	!yugen.pya.jp/2014/08/30/%e9%bb%92%e7%8c%ab%e3%81%ae%e3%82%a6%e3%82%a3%e3%82%ba%ef%bc%9a%e3%82%b7%e3%82%b9%e3%83%86%e3%83%a0%e8%a7%a3%e6%9e%90%ef%bc%88%e6%92%a4%e9%80%80%ef%bc%89/	5a,9a,w
1n	1xT4SU	d-117-74-13-179.d-cable.katch.ne.jp	!5.0 (Windows NT 6.1; WOW64) AppleWebKit/537.36 (KHTML, like Gecko) Chrome/39.0.2171.65 Safari/537.36	-	m2,co,o
1m	1xSV1k	i118-16-64-182.s42.a027.ap.plala.or.jp	!5.0 (Linux; Android 4.2.2; L-05E Build/JDQ39) AppleWebKit/537.36 (KHTML, like Gecko) Chrome/39.0.2171.59 Mobile Safari/537.36	-	5O,ak,w
1l	1xQyuv	d-117-74-13-179.d-cable.katch.ne.jp	!5.0 (Windows NT 6.1; WOW64) AppleWebKit/537.36 (KHTML, like Gecko) Chrome/38.0.2125.111 Safari/537.36	-	m2,co,o
1k	1xOY2C	s90.205.229.222.fls.vectant.ne.jp	!5.0 (Windows NT 6.1; WOW64) AppleWebKit/537.36 (KHTML, like Gecko) Chrome/38.0.2125.111 Safari/537.36	!yugen.pya.jp/wp/wp-admin/post.php?post=280&action=edit&message=6	ne,ew,o
1j	1xOLUv	s1439081.xgsspn.imtp.tachikawa.spmode.ne.jp	!5.0 (Windows NT 6.1; WOW64) AppleWebKit/537.36 (KHTML, like Gecko) Chrome/38.0.2125.111 Safari/537.36	https://www.google.co.jp/	ne,ew,o
1i	1xOJMO	KD182250250231.au-net.ne.jp	!5.0 (iPhone; CPU iPhone OS 7_1_2 like Mac OS X) AppleWebKit/537.51.2 (KHTML, like Gecko) Version/7.0 Mobile/11D257 Safari/9537.53	-	5a,9a,w
1h	1xOlql	s90.205.229.222.fls.vectant.ne.jp	!5.0 (Windows NT 6.1; WOW64) AppleWebKit/537.36 (KHTML, like Gecko) Chrome/38.0.2125.111 Safari/537.36	-	ne,ew,o
1g	1xOloR	google-proxy-66-249-82-3.google.com	!5.0 (X11; Linux x86_64) AppleWebKit/537.36 (KHTML, like Gecko; Google Web Preview) Chrome/27.0.1453 Safari/537.36	!www.google.com/search	gw,gw,o
1f	1xOdxP	d-117-74-13-179.d-cable.katch.ne.jp	!5.0 (Windows NT 6.1; WOW64) AppleWebKit/537.36 (KHTML, like Gecko) Chrome/38.0.2125.111 Safari/537.36	-	m2,co,o
1e	1xObut	KD182250250228.au-net.ne.jp	!5.0 (iPhone; CPU iPhone OS 7_1_2 like Mac OS X) AppleWebKit/537.51.2 (KHTML, like Gecko) Version/7.0 Mobile/11D257 Safari/9537.53	-	5a,9a,w
1d	1xO391	s1001193.xgsspn.imtp.tachikawa.spmode.ne.jp	!5.0 (Windows NT 6.1; WOW64) AppleWebKit/537.36 (KHTML, like Gecko) Chrome/38.0.2125.111 Safari/537.36	!yugen.pya.jp/wp/wp-admin/post.php?post=266&action=edit&message=1	ne,ew,o
1c	1xNARI	softbank221016020003.bbtec.net	!5.0 (Windows NT 6.1; rv:33.0) Gecko/20100101 Firefox/33.0	!yugen.pya.jp/%E3%81%93%E3%81%AE%E3%82%B5%E3%82%A4%E3%83%88%E3%81%AB%E3%81%A4%E3%81%84%E3%81%A6/	gw,co,o
1b	1xNq10	s90.205.229.222.fls.vectant.ne.jp	!5.0 (Windows NT 6.1; WOW64) AppleWebKit/537.36 (KHTML, like Gecko) Chrome/38.0.2125.111 Safari/537.36	-	ne,ew,o
1a	1xNpd9	124-144-138-143.rev.home.ne.jp	!5.0 (iPhone; CPU iPhone OS 7_1_2 like Mac OS X) AppleWebKit/537.51.2 (KHTML, like Gecko) Version/7.0 Mobile/11D257 Safari/9537.53	-	5a,9a,w
19	1xN920	d-117-74-13-179.d-cable.katch.ne.jp	!5.0 (Windows NT 6.1; WOW64) AppleWebKit/537.36 (KHTML, like Gecko) Chrome/38.0.2125.111 Safari/537.36	-	m2,co,o
18	1xN0Mc	s90.205.229.222.fls.vectant.ne.jp	!5.0 (Windows NT 6.1; WOW64) AppleWebKit/537.36 (KHTML, like Gecko) Chrome/38.0.2125.111 Safari/537.36	-	ne,ew,o
17	1xMuF9	d-117-74-13-179.d-cable.katch.ne.jp	!5.0 (Windows NT 6.1; WOW64) AppleWebKit/537.36 (KHTML, like Gecko) Chrome/38.0.2125.111 Safari/537.36	-	m2,co,o
16	1xLRJj	kita203217180162.kitanet.ne.jp	!5.0 (Windows NT 6.1; WOW64; Trident/7.0; rv:11.0) like Gecko	!yugen.pya.jp/%e3%81%93%e3%81%ae%e3%82%b5%e3%82%a4%e3%83%88%e3%81%ab%e3%81%a4%e3%81%84%e3%81%a6/	uY,hq,o
15	1xLN9B	KD182250250229.au-net.ne.jp	!5.0 (iPhone; CPU iPhone OS 7_1_2 like Mac OS X) AppleWebKit/537.51.2 (KHTML, like Gecko) Version/7.0 Mobile/11D257 Safari/9537.53	-	5a,9a,w
14	1xKQTI	d-117-74-13-179.d-cable.katch.ne.jp	!5.0 (Windows NT 6.1; WOW64) AppleWebKit/537.36 (KHTML, like Gecko) Chrome/38.0.2125.104 Safari/537.36	-	m2,co,o
13	1xKMwf	124-144-138-143.rev.home.ne.jp	!5.0 (iPhone; CPU iPhone OS 7_1_2 like Mac OS X) AppleWebKit/537.51.2 (KHTML, like Gecko) Version/7.0 Mobile/11D257 Safari/9537.53	-	5a,9a,w
12	1xKzgT	d-117-74-13-179.d-cable.katch.ne.jp	!5.0 (Windows NT 6.1; WOW64) AppleWebKit/537.36 (KHTML, like Gecko) Chrome/38.0.2125.104 Safari/537.36	-	m2,co,o
11	1xKpTY	s90.205.229.222.fls.vectant.ne.jp	!5.0 (Windows NT 6.3; WOW64) AppleWebKit/537.36 (KHTML, like Gecko) Chrome/38.0.2125.111 Safari/537.36	-	uY,hq,o
10	1xJuZg	d-117-74-13-179.d-cable.katch.ne.jp	!5.0 (Windows NT 6.1; WOW64) AppleWebKit/537.36 (KHTML, like Gecko) Chrome/38.0.2125.104 Safari/537.36	-	m2,co,o
Z	1xJr1A	s1451024.xgsspn.imtp.tachikawa.spmode.ne.jp	!5.0 (Linux; U; Android 4.4.2; ja-jp; SonySO-02F Build/14.3.B.0.288) AppleWebKit/534.30 (KHTML, like Gecko) Version/4.0 Mobile Safari/534.30	-	bC,kE,w
Y	1xIJAq	d-117-74-13-179.d-cable.katch.ne.jp	!5.0 (Windows NT 6.1; WOW64) AppleWebKit/537.36 (KHTML, like Gecko) Chrome/38.0.2125.104 Safari/537.36	-	m2,co,o
X	1xId5e	124-144-138-143.rev.home.ne.jp	!5.0 (iPhone; CPU iPhone OS 7_1_2 like Mac OS X) AppleWebKit/537.51.2 (KHTML, like Gecko) Version/7.0 Mobile/11D257 Safari/9537.53	-	5a,9a,w
W	1xHZMw	d-117-74-13-179.d-cable.katch.ne.jp	!5.0 (Windows NT 6.1; WOW64) AppleWebKit/537.36 (KHTML, like Gecko) Chrome/38.0.2125.104 Safari/537.36	-	m2,co,o
V	1xHTbf	p2213-ipngn1501aobadori.miyagi.ocn.ne.jp	!5.0 (Linux; Android 4.2.2; ME173X Build/JDQ39) AppleWebKit/537.36 (KHTML, like Gecko) Chrome/38.0.2125.102 Safari/537.36	-	9H,fw,w
U	1xG84N	d-117-74-13-179.d-cable.katch.ne.jp	!5.0 (Windows NT 6.1; WOW64) AppleWebKit/537.36 (KHTML, like Gecko) Chrome/38.0.2125.104 Safari/537.36	-	m2,co,o
T	1xFNwe	h124-241-172-160.user.starcat.ne.jp	!5.0 (Windows NT 6.1; WOW64; rv:32.0) Gecko/20100101 Firefox/32.0	!yugenk.seesaa.net/	m2,co,o
S	1xEjTy	d-117-74-13-179.d-cable.katch.ne.jp	!5.0 (Windows NT 6.1; WOW64) AppleWebKit/537.36 (KHTML, like Gecko) Chrome/38.0.2125.101 Safari/537.36	-	m2,co,o
R	1xE3Q3	124-144-138-143.rev.home.ne.jp	!5.0 (iPhone; CPU iPhone OS 7_1_2 like Mac OS X) AppleWebKit/537.51.2 (KHTML, like Gecko) Version/7.0 Mobile/11D257 Safari/9537.53	-	5a,9a,w
Q	1xE2a5	s1454245.xgsspn.imtp.tachikawa.spmode.ne.jp	!5.0 (Linux; Android 4.4.2; SO-02F Build/14.3.B.0.288) AppleWebKit/537.36 (KHTML, like Gecko) Version/4.0 Chrome/30.0.0.0 Mobile Safari/537.36	-	5O,9y,w
P	1xDYLC	d-117-74-13-179.d-cable.katch.ne.jp	!5.0 (Windows NT 6.1; WOW64) AppleWebKit/537.36 (KHTML, like Gecko) Chrome/38.0.2125.101 Safari/537.36	-	m2,co,o
O	1xDXTm	s1163228.xgsspn.imtp.tachikawa.spmode.ne.jp	!5.0 (Linux; Android 4.4.2; SO-02F Build/14.3.B.0.288) AppleWebKit/537.36 (KHTML, like Gecko) Chrome/38.0.2125.102 Mobile Safari/537.36	https://www.google.co.jp/	5O,ak,w
N	1xDOZD	179.252.149.210.vmobile.jp	!5.0 (Linux; Android 4.2.2; L-05E Build/JDQ39) AppleWebKit/537.36 (KHTML, like Gecko) Chrome/38.0.2125.102 Mobile Safari/537.36	-	5O,ak,w
M	1xDG4R	d-117-74-13-179.d-cable.katch.ne.jp	!5.0 (Windows NT 6.1; WOW64) AppleWebKit/537.36 (KHTML, like Gecko) Chrome/38.0.2125.101 Safari/537.36	-	m2,co,o
L	1xDFMp	i220-221-128-42.s04.a008.ap.plala.or.jp	!5.0 (Windows NT 6.1; WOW64; rv:32.0) Gecko/20100101 Firefox/32.0	-	ne,ew,o
K	1xDFxC	s90.205.229.222.fls.vectant.ne.jp	!5.0 (Linux; Android 4.4.2; SO-02F Build/14.3.B.0.288) AppleWebKit/537.36 (KHTML, like Gecko) Version/4.0 Chrome/30.0.0.0 Mobile Safari/537.36	-	5O,9y,w
J	1xDD7c	pa3aeae.tokynt01.ap.so-net.ne.jp	!5.0 (Windows NT 6.1; WOW64) AppleWebKit/537.36 (KHTML, like Gecko) Chrome/37.0.2062.124 Safari/537.36	-	kE,cU,o
I	1xDBLk	p15097-ipngn402hodogaya.kanagawa.ocn.ne.jp	!5.0 (Windows NT 6.1; WOW64) AppleWebKit/537.36 (KHTML, like Gecko) Chrome/37.0.2062.124 Safari/537.36	-	m2,co,o
H	1xDBBy	chb21-p118.flets.hi-ho.ne.jp	!5.0 (Windows NT 6.1; WOW64; rv:32.0) Gecko/20100101 Firefox/32.0	!yugen.pya.jp/%E3%81%93%E3%81%AE%E3%82%B5%E3%82%A4%E3%83%88%E3%81%AB%E3%81%A4%E3%81%84%E3%81%A6/	m2,co,o
G	1xDBwc	p2054-ipbf707souka.saitama.ocn.ne.jp	!5.0 (Windows NT 6.1; WOW64) AppleWebKit/537.36 (KHTML, like Gecko) Chrome/38.0.2125.101 Safari/537.36	-	r6,gW,o
F	1xD94H	s90.205.229.222.fls.vectant.ne.jp	!5.0 (Linux; Android 4.4.2; SO-02F Build/14.3.B.0.288) AppleWebKit/537.36 (KHTML, like Gecko) Version/4.0 Chrome/30.0.0.0 Mobile Safari/537.36	-	5O,9y,w
